f:\mengkoding\praktikum\modul 8 gui programming\modul 8 cpp\guicpp_kel37\guicpp_kel37\x64\debug\vc143.pdb
f:\mengkoding\praktikum\modul 8 gui programming\modul 8 cpp\guicpp_kel37\guicpp_kel37\x64\debug\.netframework,version=v4.7.2.assemblyattributes.obj
f:\mengkoding\praktikum\modul 8 gui programming\modul 8 cpp\guicpp_kel37\guicpp_kel37\x64\debug\myform.obj
f:\mengkoding\praktikum\modul 8 gui programming\modul 8 cpp\guicpp_kel37\guicpp_kel37\x64\debug\newform.obj
f:\mengkoding\praktikum\modul 8 gui programming\modul 8 cpp\guicpp_kel37\x64\debug\guicpp_kel37.exe
f:\mengkoding\praktikum\modul 8 gui programming\modul 8 cpp\guicpp_kel37\x64\debug\guicpp_kel37.pdb
f:\mengkoding\praktikum\modul 8 gui programming\modul 8 cpp\guicpp_kel37\guicpp_kel37\x64\debug\myform1.obj
f:\mengkoding\praktikum\modul 8 gui programming\modul 8 cpp\guicpp_kel37\guicpp_kel37\x64\debug\guicppkel37.myform1.resources
f:\mengkoding\praktikum\modul 8 gui programming\modul 8 cpp\guicpp_kel37\guicpp_kel37\x64\debug\guicpp_kel37.tlog\cl.command.1.tlog
f:\mengkoding\praktikum\modul 8 gui programming\modul 8 cpp\guicpp_kel37\guicpp_kel37\x64\debug\guicpp_kel37.tlog\cl.items.tlog
f:\mengkoding\praktikum\modul 8 gui programming\modul 8 cpp\guicpp_kel37\guicpp_kel37\x64\debug\guicpp_kel37.tlog\cl.read.1.tlog
f:\mengkoding\praktikum\modul 8 gui programming\modul 8 cpp\guicpp_kel37\guicpp_kel37\x64\debug\guicpp_kel37.tlog\cl.write.1.tlog
f:\mengkoding\praktikum\modul 8 gui programming\modul 8 cpp\guicpp_kel37\guicpp_kel37\x64\debug\guicpp_kel37.tlog\link.command.1.tlog
f:\mengkoding\praktikum\modul 8 gui programming\modul 8 cpp\guicpp_kel37\guicpp_kel37\x64\debug\guicpp_kel37.tlog\link.read.1.tlog
f:\mengkoding\praktikum\modul 8 gui programming\modul 8 cpp\guicpp_kel37\guicpp_kel37\x64\debug\guicpp_kel37.tlog\link.secondary.1.tlog
f:\mengkoding\praktikum\modul 8 gui programming\modul 8 cpp\guicpp_kel37\guicpp_kel37\x64\debug\guicpp_kel37.tlog\link.write.1.tlog
f:\mengkoding\praktikum\modul 8 gui programming\modul 8 cpp\guicpp_kel37\guicpp_kel37\x64\debug\guicpp_kel37.tlog\metagen.read.1.tlog
f:\mengkoding\praktikum\modul 8 gui programming\modul 8 cpp\guicpp_kel37\guicpp_kel37\x64\debug\guicpp_kel37.tlog\metagen.write.1.tlog
f:\mengkoding\praktikum\modul 8 gui programming\modul 8 cpp\guicpp_kel37\guicpp_kel37\x64\debug\guicpp_kel37.tlog\resgen.command.1.tlog
f:\mengkoding\praktikum\modul 8 gui programming\modul 8 cpp\guicpp_kel37\guicpp_kel37\x64\debug\guicpp_kel37.tlog\resgen.read.1.tlog
f:\mengkoding\praktikum\modul 8 gui programming\modul 8 cpp\guicpp_kel37\guicpp_kel37\x64\debug\guicpp_kel37.tlog\resgen.write.1.tlog
